<?xml version="1.0" encoding="UTF-8"?>
<!-- Generated by org.testng.reporters.JUnitReportReporter -->
<testsuite hostname="PU-NB-SANA3" failures="0" tests="30" name="com.qa.opencart.test.AccountsPageTest" time="120.199" errors="0" timestamp="31 Mar 2023 15:36:07 GMT" skipped="0">
  <testcase classname="com.qa.opencart.test.AccountsPageTest" name="accPageHeadersValueTest" time="0.215"/>
  <testcase classname="com.qa.opencart.test.AccountsPageTest" name="searchProductCountTest" time="5.933"/>
  <testcase classname="com.qa.opencart.test.AccountsPageTest" name="isLogoutLinkExistTest" time="0.170"/>
  <testcase classname="com.qa.opencart.test.AccountsPageTest" name="searchProductTest" time="6.172"/>
  <testcase classname="com.qa.opencart.test.AccountsPageTest" name="searchProductTest" time="6.449"/>
  <testcase classname="com.qa.opencart.test.AccountsPageTest" name="searchProductCountTest" time="3.761"/>
  <testcase classname="com.qa.opencart.test.AccountsPageTest" name="accPageURLTest" time="0.035"/>
  <testcase classname="com.qa.opencart.test.AccountsPageTest" name="searchProductTest" time="6.872"/>
  <testcase classname="com.qa.opencart.test.AccountsPageTest" name="accPageTitleTest" time="0.035"/>
  <testcase classname="com.qa.opencart.test.AccountsPageTest" name="accPageTitleTest" time="0.048"/>
  <testcase classname="com.qa.opencart.test.AccountsPageTest" name="accPageHeadersValueTest" time="0.274"/>
  <testcase classname="com.qa.opencart.test.AccountsPageTest" name="searchProductCountTest" time="4.301"/>
  <testcase classname="com.qa.opencart.test.AccountsPageTest" name="searchProductTest" time="7.251"/>
  <testcase classname="com.qa.opencart.test.AccountsPageTest" name="searchProductCountTest" time="3.972"/>
  <testcase classname="com.qa.opencart.test.AccountsPageTest" name="searchProductTest" time="6.166"/>
  <testcase classname="com.qa.opencart.test.AccountsPageTest" name="accPageURLTest" time="0.039"/>
  <testcase classname="com.qa.opencart.test.AccountsPageTest" name="searchProductCountTest" time="5.508"/>
  <testcase classname="com.qa.opencart.test.AccountsPageTest" name="accPageHeadersCountTest" time="0.385"/>
  <testcase classname="com.qa.opencart.test.AccountsPageTest" name="searchProductTest" time="6.998"/>
  <testcase classname="com.qa.opencart.test.AccountsPageTest" name="searchProductCountTest" time="4.215"/>
  <testcase classname="com.qa.opencart.test.AccountsPageTest" name="searchProductCountTest" time="4.172"/>
  <testcase classname="com.qa.opencart.test.AccountsPageTest" name="searchProductTest" time="6.907"/>
  <testcase classname="com.qa.opencart.test.AccountsPageTest" name="searchProductCountTest" time="4.335"/>
  <testcase classname="com.qa.opencart.test.AccountsPageTest" name="searchProductTest" time="6.934"/>
  <testcase classname="com.qa.opencart.test.AccountsPageTest" name="searchProductTest" time="6.534"/>
  <testcase classname="com.qa.opencart.test.AccountsPageTest" name="isLogoutLinkExistTest" time="0.133"/>
  <testcase classname="com.qa.opencart.test.AccountsPageTest" name="searchProductTest" time="6.997"/>
  <testcase classname="com.qa.opencart.test.AccountsPageTest" name="searchProductTest" time="7.788"/>
  <testcase classname="com.qa.opencart.test.AccountsPageTest" name="searchProductTest" time="7.284"/>
  <testcase classname="com.qa.opencart.test.AccountsPageTest" name="accPageHeadersCountTest" time="0.316"/>
</testsuite> <!-- com.qa.opencart.test.AccountsPageTest -->
