<?xml version="1.0" encoding="UTF-8"?>
<!-- Generated by org.testng.reporters.JUnitReportReporter -->
<testsuite hostname="PU-NB-SANA3" failures="0" tests="15" name="com.qa.opencart.test.AccountsPageTest" time="48.796" errors="0" timestamp="30 Mar 2023 19:37:40 GMT" skipped="0">
  <testcase classname="com.qa.opencart.test.AccountsPageTest" name="searchProductTest" time="5.881"/>
  <testcase classname="com.qa.opencart.test.AccountsPageTest" name="searchProductCountTest" time="3.238"/>
  <testcase classname="com.qa.opencart.test.AccountsPageTest" name="accPageHeadersValueTest" time="0.071"/>
  <testcase classname="com.qa.opencart.test.AccountsPageTest" name="searchProductCountTest" time="3.285"/>
  <testcase classname="com.qa.opencart.test.AccountsPageTest" name="searchProductCountTest" time="3.367"/>
  <testcase classname="com.qa.opencart.test.AccountsPageTest" name="searchProductTest" time="5.828"/>
  <testcase classname="com.qa.opencart.test.AccountsPageTest" name="accPageTitleTest" time="0.009"/>
  <testcase classname="com.qa.opencart.test.AccountsPageTest" name="isLogoutLinkExistTest" time="0.096"/>
  <testcase classname="com.qa.opencart.test.AccountsPageTest" name="searchProductTest" time="5.770"/>
  <testcase classname="com.qa.opencart.test.AccountsPageTest" name="accPageHeadersCountTest" time="0.092"/>
  <testcase classname="com.qa.opencart.test.AccountsPageTest" name="searchProductCountTest" time="3.297"/>
  <testcase classname="com.qa.opencart.test.AccountsPageTest" name="searchProductTest" time="5.895"/>
  <testcase classname="com.qa.opencart.test.AccountsPageTest" name="searchProductTest" time="6.024"/>
  <testcase classname="com.qa.opencart.test.AccountsPageTest" name="searchProductTest" time="5.937"/>
  <testcase classname="com.qa.opencart.test.AccountsPageTest" name="accPageURLTest" time="0.006"/>
</testsuite> <!-- com.qa.opencart.test.AccountsPageTest -->
