<?xml version="1.0" encoding="UTF-8"?>
<!-- Generated by org.testng.reporters.JUnitReportReporter -->
<testsuite hostname="PU-NB-SANA3" failures="0" tests="4" name="com.qa.opencart.test.LoginPageTest" time="11.214" errors="0" timestamp="31 Mar 2023 15:36:07 GMT" skipped="0">
  <testcase classname="com.qa.opencart.test.LoginPageTest" name="loginPageTitleTest" time="0.774"/>
  <testcase classname="com.qa.opencart.test.LoginPageTest" name="loginPageURLTest" time="0.114"/>
  <testcase classname="com.qa.opencart.test.LoginPageTest" name="forgotPwdLinkExistTest" time="0.555"/>
  <testcase classname="com.qa.opencart.test.LoginPageTest" name="loginTest" time="9.771"/>
</testsuite> <!-- com.qa.opencart.test.LoginPageTest -->
