<?xml version="1.0" encoding="UTF-8"?>
<!-- Generated by org.testng.reporters.JUnitReportReporter -->
<testsuite hostname="PU-NB-SANA3" failures="0" tests="8" name="com.qa.opencart.test.LoginPageTest" time="13.413" errors="0" timestamp="30 Mar 2023 19:37:40 GMT" skipped="0">
  <testcase classname="com.qa.opencart.test.LoginPageTest" name="loginPageTitleTest" time="0.214"/>
  <testcase classname="com.qa.opencart.test.LoginPageTest" name="loginPageTitleTest" time="0.488"/>
  <testcase classname="com.qa.opencart.test.LoginPageTest" name="loginPageURLTest" time="0.017"/>
  <testcase classname="com.qa.opencart.test.LoginPageTest" name="loginPageURLTest" time="0.154"/>
  <testcase classname="com.qa.opencart.test.LoginPageTest" name="forgotPwdLinkExistTest" time="0.229"/>
  <testcase classname="com.qa.opencart.test.LoginPageTest" name="forgotPwdLinkExistTest" time="0.247"/>
  <testcase classname="com.qa.opencart.test.LoginPageTest" name="loginTest" time="5.562"/>
  <testcase classname="com.qa.opencart.test.LoginPageTest" name="loginTest" time="6.502"/>
</testsuite> <!-- com.qa.opencart.test.LoginPageTest -->
