<?xml version="1.0" encoding="UTF-8"?>
<!-- Generated by org.testng.reporters.JUnitReportReporter -->
<testsuite skipped="0" hostname="PU-NB-SANA3" name="com.qa.opencart.test.LoginPageTest" tests="4" failures="0" timestamp="08 Mar 2023 08:46:08 GMT" time="3.918" errors="0">
  <testcase name="loginPageTitleTest" time="0.140" classname="com.qa.opencart.test.LoginPageTest"/>
  <testcase name="loginPageURLTest" time="0.019" classname="com.qa.opencart.test.LoginPageTest"/>
  <testcase name="forgotPwdLinkExistTest" time="0.204" classname="com.qa.opencart.test.LoginPageTest"/>
  <testcase name="loginTest" time="3.555" classname="com.qa.opencart.test.LoginPageTest"/>
</testsuite> <!-- com.qa.opencart.test.LoginPageTest -->
