<?xml version="1.0" encoding="UTF-8"?>
<!-- Generated by org.testng.reporters.JUnitReportReporter -->
<testsuite hostname="PU-NB-SANA3" failures="0" tests="3" name="com.qa.opencart.test.RegistrationPageTest" time="71.808" errors="0" timestamp="07 Mar 2023 17:42:42 GMT" skipped="0">
  <testcase classname="com.qa.opencart.test.RegistrationPageTest" name="userRegTest" time="23.442"/>
  <testcase classname="com.qa.opencart.test.RegistrationPageTest" name="userRegTest" time="24.807"/>
  <testcase classname="com.qa.opencart.test.RegistrationPageTest" name="userRegTest" time="23.559"/>
</testsuite> <!-- com.qa.opencart.test.RegistrationPageTest -->
