<?xml version="1.0" encoding="UTF-8"?>
<!-- Generated by org.testng.reporters.JUnitReportReporter -->
<testsuite hostname="PU-NB-SANA3" failures="0" tests="4" name="com.qa.opencart.test.LoginPageTest" time="5.178" errors="0" timestamp="28 Mar 2023 14:57:00 GMT" skipped="0">
  <testcase classname="com.qa.opencart.test.LoginPageTest" name="loginPageTitleTest" time="0.105"/>
  <testcase classname="com.qa.opencart.test.LoginPageTest" name="loginPageURLTest" time="0.021"/>
  <testcase classname="com.qa.opencart.test.LoginPageTest" name="forgotPwdLinkExistTest" time="0.185"/>
  <testcase classname="com.qa.opencart.test.LoginPageTest" name="loginTest" time="4.867"/>
</testsuite> <!-- com.qa.opencart.test.LoginPageTest -->
