<?xml version="1.0" encoding="UTF-8"?>
<!-- Generated by org.testng.reporters.JUnitReportReporter -->
<testsuite skipped="0" hostname="PU-NB-SANA3" name="com.qa.opencart.test.LoginPageTest" tests="4" failures="0" timestamp="09 Mar 2023 07:14:00 GMT" time="3.779" errors="0">
  <testcase name="loginPageTitleTest" time="0.118" classname="com.qa.opencart.test.LoginPageTest"/>
  <testcase name="loginPageURLTest" time="0.016" classname="com.qa.opencart.test.LoginPageTest"/>
  <testcase name="forgotPwdLinkExistTest" time="0.157" classname="com.qa.opencart.test.LoginPageTest"/>
  <testcase name="loginTest" time="3.488" classname="com.qa.opencart.test.LoginPageTest"/>
</testsuite> <!-- com.qa.opencart.test.LoginPageTest -->
